<?xml version="1.0" encoding="UTF-8"?>
<!-- Generated by org.testng.reporters.JUnitReportReporter -->
<testsuite hostname="DESKTOP-7KVO2NO" failures="0" tests="1" name="appiummobile.Tap" time="23.542" errors="0" timestamp="2021-03-04T20:36:16 GMT-12:00" skipped="0">
  <testcase classname="appiummobile.Tap" name="Tap" time="23.542"/>
  <system-out/>
</testsuite> <!-- appiummobile.Tap -->
