<?xml version="1.0" encoding="UTF-8"?>
<!-- Generated by org.testng.reporters.JUnitReportReporter -->
<testsuite hostname="DESKTOP-7KVO2NO" failures="0" tests="1" name="appiummobile.LongPress" time="17.043" errors="0" timestamp="2021-03-04T20:53:22 GMT-12:00" skipped="0">
  <testcase classname="appiummobile.LongPress" name="longpresselement" time="17.043"/>
  <system-out/>
</testsuite> <!-- appiummobile.LongPress -->
