<?xml version="1.0" encoding="UTF-8"?>
<!-- Generated by org.testng.reporters.JUnitReportReporter -->
<testsuite hostname="DESKTOP-7KVO2NO" failures="0" tests="1" name="appiummobile.Tap1" time="23.457" errors="0" timestamp="2021-03-04T18:36:48 GMT-12:00" skipped="0">
  <testcase classname="appiummobile.Tap1" name="Tap" time="23.457"/>
  <system-out/>
</testsuite> <!-- appiummobile.Tap1 -->
