<?xml version="1.0" encoding="UTF-8"?>
<!-- Generated by org.testng.reporters.JUnitReportReporter -->
<testsuite hostname="DESKTOP-7KVO2NO" failures="0" tests="1" name="appiummobile.GeneralStoresDropDown" time="60.186" errors="0" timestamp="2021-03-07T19:38:50 GMT-12:00" skipped="0">
  <testcase classname="appiummobile.GeneralStoresDropDown" name="generalstoredropdown" time="60.186"/>
  <system-out/>
</testsuite> <!-- appiummobile.GeneralStoresDropDown -->
