<?xml version="1.0" encoding="UTF-8"?>
<!-- Generated by org.testng.reporters.JUnitReportReporter -->
<testsuite hostname="DESKTOP-7KVO2NO" failures="0" tests="1" name="appiummobile.LaunchApp" time="30.206" errors="0" timestamp="2021-03-08T16:33:37 GMT-12:00" skipped="0">
  <testcase classname="appiummobile.LaunchApp" name="Launch" time="30.206"/>
  <system-out/>
</testsuite> <!-- appiummobile.LaunchApp -->
