<?xml version="1.0" encoding="UTF-8"?>
<!-- Generated by org.testng.reporters.JUnitReportReporter -->
<testsuite hostname="DESKTOP-7KVO2NO" failures="0" tests="1" name="appiummobile.Api_Demo_Launch" time="15.143" errors="0" timestamp="2021-03-03T22:20:43 GMT-12:00" skipped="0">
  <testcase classname="appiummobile.Api_Demo_Launch" name="launchapp" time="15.143"/>
  <system-out/>
</testsuite> <!-- appiummobile.Api_Demo_Launch -->
