<?xml version="1.0" encoding="UTF-8"?>
<!-- Generated by org.testng.reporters.JUnitReportReporter -->
<testsuite hostname="DESKTOP-7KVO2NO" failures="0" tests="1" name="appiummobile.Test1" time="13.415" errors="0" timestamp="2021-03-04T20:55:19 GMT-12:00" skipped="0">
  <testcase classname="appiummobile.Test1" name="Launch" time="13.415"/>
  <system-out/>
</testsuite> <!-- appiummobile.Test1 -->
