<?xml version="1.0" encoding="UTF-8"?>
<!-- Generated by org.testng.reporters.JUnitReportReporter -->
<testsuite hostname="DESKTOP-7KVO2NO" failures="0" tests="1" name="appiummobile.Launch3" time="19.552" errors="0" timestamp="2021-03-03T21:35:58 GMT-12:00" skipped="0">
  <testcase classname="appiummobile.Launch3" name="launch3" time="19.552"/>
  <system-out/>
</testsuite> <!-- appiummobile.Launch3 -->
