<?xml version="1.0" encoding="UTF-8"?>
<!-- Generated by org.testng.reporters.JUnitReportReporter -->
<testsuite hostname="DESKTOP-7KVO2NO" failures="0" tests="1" name="appiummobile.TouchScreenLaunch" time="14.218" errors="0" timestamp="2021-03-04T22:23:08 GMT-12:00" skipped="0">
  <testcase classname="appiummobile.TouchScreenLaunch" name="TouchScreen" time="14.218"/>
  <system-out/>
</testsuite> <!-- appiummobile.TouchScreenLaunch -->
