<?xml version="1.0" encoding="UTF-8"?>
<!-- Generated by org.testng.reporters.JUnitReportReporter -->
<testsuite hostname="DESKTOP-7KVO2NO" failures="0" tests="1" name="appiummobile.LaunchApp" time="18.048" errors="0" timestamp="2021-03-04T20:29:50 GMT-12:00" skipped="0">
  <testcase classname="appiummobile.LaunchApp" name="Launch" time="18.048"/>
  <system-out/>
</testsuite> <!-- appiummobile.LaunchApp -->
