<?xml version="1.0" encoding="UTF-8"?>
<!-- Generated by org.testng.reporters.JUnitReportReporter -->
<testsuite hostname="DESKTOP-7KVO2NO" failures="0" tests="1" name="appiummobile.Launch2" time="15.015" errors="0" timestamp="2021-03-03T21:43:32 GMT-12:00" skipped="0">
  <testcase classname="appiummobile.Launch2" name="Launch" time="15.015"/>
  <system-out/>
</testsuite> <!-- appiummobile.Launch2 -->
